2024-09-25 11:56:35 [http-nio-8080-exec-4] INFO  AspireController:61 - Get-AllStream Query executed in 276ms
2024-09-25 11:56:54 [http-nio-8080-exec-3] INFO  AspireController:61 - Get-AllStream Query executed in 19ms
2024-09-25 11:56:59 [http-nio-8080-exec-1] INFO  AspireController:49 - Get-Employee-StartWithLetter Query executed in 50ms
2024-09-25 11:57:03 [http-nio-8080-exec-10] INFO  AspireController:61 - Get-AllStream Query executed in 17ms
2024-09-25 11:57:07 [http-nio-8080-exec-6] INFO  AspireController:85 - Update-To-Employee Query executed in 56ms
2024-09-25 17:16:46 [http-nio-8080-exec-8] INFO  AspireController:73 - Update-To-Manager Query executed in 53ms
2024-09-25 17:16:50 [http-nio-8080-exec-5] INFO  AspireController:85 - Update-To-Employee Query executed in 17ms
2024-09-30 11:08:49 [http-nio-8080-exec-6] INFO  AspireController:49 - Get-Employee-StartWithLetter Query executed in 396ms
2024-09-30 11:09:01 [http-nio-8080-exec-3] INFO  AspireController:49 - Get-Employee-StartWithLetter Query executed in 18ms
2024-09-30 11:09:10 [http-nio-8080-exec-1] INFO  AspireController:49 - Get-Employee-StartWithLetter Query executed in 7ms
2024-09-30 11:09:48 [http-nio-8080-exec-8] INFO  AspireController:61 - Get-AllStream Query executed in 44ms
2024-09-30 11:10:25 [http-nio-8080-exec-7] INFO  AspireController:85 - Update-To-Employee Query executed in 46ms
2024-09-30 11:12:44 [http-nio-8080-exec-5] INFO  AspireController:85 - Update-To-Employee Query executed in 105ms
2024-09-30 11:13:11 [http-nio-8080-exec-9] INFO  AspireController:73 - Update-To-Manager Query executed in 47ms
2024-09-30 11:16:02 [http-nio-8080-exec-2] INFO  AspireController:73 - Update-To-Manager Query executed in 549ms
2024-09-30 11:16:34 [http-nio-8080-exec-3] INFO  AspireController:73 - Update-To-Manager Query executed in 16ms
2024-09-30 11:25:10 [http-nio-8080-exec-5] INFO  AspireController:49 - Get-Employee-StartWithLetter Query executed in 10ms
2024-09-30 11:25:37 [http-nio-8080-exec-2] INFO  AspireController:49 - Get-Employee-StartWithLetter Query executed in 305ms
2024-09-30 11:25:47 [http-nio-8080-exec-3] INFO  AspireController:49 - Get-Employee-StartWithLetter Query executed in 51ms
2024-09-30 14:49:15 [http-nio-8080-exec-2] INFO  AspireController:40 - Add-Employee Query executed in 36ms
2024-09-30 14:49:40 [http-nio-8080-exec-3] INFO  AspireController:40 - Add-Employee Query executed in 18ms
2024-09-30 14:50:37 [http-nio-8080-exec-6] INFO  AspireController:40 - Add-Employee Query executed in 62ms
2024-09-30 14:56:26 [http-nio-8080-exec-2] INFO  AspireController:40 - Add-Employee Query executed in 128ms
2024-09-30 14:57:05 [http-nio-8080-exec-4] INFO  AspireController:40 - Add-Employee Query executed in 10ms
2024-09-30 14:57:38 [http-nio-8080-exec-6] INFO  AspireController:40 - Add-Employee Query executed in 36ms
2024-09-30 15:05:21 [http-nio-8080-exec-1] INFO  AspireController:40 - Add-Employee Query executed in 145ms
2024-09-30 15:07:18 [http-nio-8080-exec-4] INFO  AspireController:40 - Add-Employee Query executed in 12ms
2024-09-30 15:07:29 [http-nio-8080-exec-7] INFO  AspireController:40 - Add-Employee Query executed in 13ms
2024-09-30 15:07:47 [http-nio-8080-exec-9] INFO  AspireController:40 - Add-Employee Query executed in 31ms
2024-09-30 15:11:41 [http-nio-8080-exec-4] INFO  AspireController:51 - Get-Employee-StartWithLetter Query executed in 107ms
2024-09-30 15:13:53 [http-nio-8080-exec-7] INFO  AspireController:40 - Add-Employee Query executed in 18ms
2024-09-30 15:14:02 [http-nio-8080-exec-8] INFO  AspireController:40 - Add-Employee Query executed in 60ms
2024-09-30 15:14:13 [http-nio-8080-exec-9] INFO  AspireController:51 - Get-Employee-StartWithLetter Query executed in 6ms
2024-09-30 15:15:09 [http-nio-8080-exec-10] INFO  AspireController:40 - Add-Employee Query executed in 17ms
2024-09-30 15:16:04 [http-nio-8080-exec-1] INFO  AspireController:51 - Get-Employee-StartWithLetter Query executed in 13ms
2024-09-30 15:42:29 [http-nio-8080-exec-1] INFO  AspireController:40 - Add-Employee Query executed in 115ms
2024-09-30 15:43:00 [http-nio-8080-exec-3] INFO  AspireController:40 - Add-Employee Query executed in 80ms
2024-09-30 15:44:30 [http-nio-8080-exec-7] INFO  AspireController:40 - Add-Employee Query executed in 7ms
2024-09-30 15:44:49 [http-nio-8080-exec-9] INFO  AspireController:40 - Add-Employee Query executed in 13ms
2024-09-30 15:46:19 [http-nio-8080-exec-1] INFO  AspireController:40 - Add-Employee Query executed in 14ms
2024-09-30 15:46:29 [http-nio-8080-exec-3] INFO  AspireController:51 - Get-Employee-StartWithLetter Query executed in 35ms
2024-09-30 15:59:39 [http-nio-8080-exec-6] INFO  AspireController:40 - Add-Employee Query executed in 14ms
2024-09-30 17:33:49 [http-nio-8080-exec-2] INFO  AspireController:40 - Add-Employee Query executed in 110ms
2024-09-30 17:38:17 [http-nio-8080-exec-6] INFO  AspireController:40 - Add-Employee Query executed in 169ms
2024-09-30 17:40:21 [http-nio-8080-exec-10] INFO  AspireController:40 - Add-Employee Query executed in 18ms
2024-09-30 17:41:06 [http-nio-8080-exec-1] INFO  AspireController:40 - Add-Employee Query executed in 18ms
2024-09-30 17:46:44 [http-nio-8080-exec-4] INFO  AspireController:40 - Add-Employee Query executed in 18ms
2024-09-30 17:49:02 [http-nio-8080-exec-2] INFO  AspireController:40 - Add-Employee Query executed in 887ms
2024-09-30 17:50:39 [http-nio-8080-exec-5] INFO  AspireController:40 - Add-Employee Query executed in 10ms
2024-09-30 17:52:19 [http-nio-8080-exec-3] INFO  AspireController:40 - Add-Employee Query executed in 907ms
2024-09-30 18:03:19 [http-nio-8080-exec-1] INFO  AspireController:40 - Add-Employee Query executed in 25ms
2024-09-30 18:03:32 [http-nio-8080-exec-4] INFO  AspireController:40 - Add-Employee Query executed in 764ms
2024-09-30 18:03:37 [http-nio-8080-exec-5] INFO  AspireController:40 - Add-Employee Query executed in 145ms
2024-09-30 18:03:43 [http-nio-8080-exec-7] INFO  AspireController:40 - Add-Employee Query executed in 24ms
2024-09-30 18:03:49 [http-nio-8080-exec-9] INFO  AspireController:40 - Add-Employee Query executed in 23ms
2024-09-30 18:04:39 [http-nio-8080-exec-2] INFO  AspireController:40 - Add-Employee Query executed in 26ms
2024-09-30 18:05:13 [http-nio-8080-exec-1] INFO  AspireController:40 - Add-Employee Query executed in 128ms
2024-09-30 18:07:56 [http-nio-8080-exec-6] INFO  AspireController:40 - Add-Employee Query executed in 26ms
2024-09-30 18:08:26 [http-nio-8080-exec-7] INFO  AspireController:51 - Get-Employee-StartWithLetter Query executed in 52ms
2024-10-01 09:20:01 [main] INFO  AspireController:40 - Add-Employee Query executed in 11ms
2024-10-01 09:20:05 [main] INFO  AspireController:40 - Add-Employee Query executed in 25ms
2024-10-01 09:24:04 [main] INFO  AspireController:40 - Add-Employee Query executed in 13ms
2024-10-01 09:26:49 [main] INFO  AspireController:51 - Get-Employee-StartWithLetter Query executed in 12ms
2024-10-01 09:27:35 [main] INFO  AspireController:63 - Get-AllStream Query executed in 32ms
2024-10-01 09:28:19 [main] INFO  AspireController:75 - Update-To-Manager Query executed in 14ms
2024-10-01 09:28:28 [main] INFO  AspireController:87 - Update-To-Employee Query executed in 27ms
2024-10-01 09:29:52 [main] INFO  AspireController:51 - Get-Employee-StartWithLetter Query executed in 28ms
2024-10-01 09:29:52 [main] INFO  AspireController:63 - Get-AllStream Query executed in 0ms
2024-10-01 09:29:52 [main] INFO  AspireController:40 - Add-Employee Query executed in 1ms
2024-10-01 09:29:52 [main] INFO  AspireController:75 - Update-To-Manager Query executed in 0ms
2024-10-01 09:29:52 [main] INFO  AspireController:87 - Update-To-Employee Query executed in 0ms
2024-10-01 09:42:25 [main] INFO  AspireController:49 - Get-Employee-StartWithLetter Query executed in 22ms
2024-10-01 09:42:25 [main] INFO  AspireController:61 - Get-AllStream Query executed in 0ms
2024-10-01 09:42:25 [main] INFO  AspireController:38 - Add-Employee Query executed in 1ms
2024-10-01 09:42:25 [main] INFO  AspireController:73 - Update-To-Manager Query executed in 1ms
2024-10-01 09:42:25 [main] INFO  AspireController:85 - Update-To-Employee Query executed in 0ms
2024-10-01 09:45:44 [main] INFO  AspireController:49 - Get-Employee-StartWithLetter Query executed in 26ms
2024-10-01 09:45:44 [main] INFO  AspireController:61 - Get-AllStream Query executed in 0ms
2024-10-01 09:45:44 [main] INFO  AspireController:38 - Add-Employee Query executed in 0ms
2024-10-01 09:45:44 [main] INFO  AspireController:73 - Update-To-Manager Query executed in 1ms
2024-10-01 09:45:44 [main] INFO  AspireController:85 - Update-To-Employee Query executed in 0ms
2024-10-01 10:02:41 [main] INFO  AspireController:49 - Get-Employee-StartWithLetter Query executed in 21ms
2024-10-01 10:02:41 [main] INFO  AspireController:61 - Get-AllStream Query executed in 0ms
2024-10-01 10:02:41 [main] INFO  AspireController:38 - Add-Employee Query executed in 0ms
2024-10-01 10:02:41 [main] INFO  AspireController:73 - Update-To-Manager Query executed in 0ms
2024-10-01 10:02:41 [main] INFO  AspireController:85 - Update-To-Employee Query executed in 0ms
2024-10-01 10:07:58 [http-nio-8080-exec-1] INFO  AspireController:38 - Add-Employee Query executed in 245ms
2024-10-01 10:12:51 [http-nio-8080-exec-2] INFO  AspireController:38 - Add-Employee Query executed in 204ms
2024-10-01 10:13:33 [http-nio-8080-exec-3] INFO  AspireController:38 - Add-Employee Query executed in 1ms
2024-10-01 10:14:49 [http-nio-8080-exec-5] INFO  AspireController:38 - Add-Employee Query executed in 841ms
2024-10-01 10:15:14 [http-nio-8080-exec-8] INFO  AspireController:38 - Add-Employee Query executed in 28ms
2024-10-01 11:14:36 [http-nio-8080-exec-4] INFO  AspireController:38 - Add-Employee Query executed in 355ms
2024-10-01 11:15:28 [http-nio-8080-exec-5] INFO  AspireController:38 - Add-Employee Query executed in 23ms
2024-10-01 11:15:38 [http-nio-8080-exec-6] INFO  AspireController:38 - Add-Employee Query executed in 15ms
2024-10-01 11:16:02 [http-nio-8080-exec-8] INFO  AspireController:38 - Add-Employee Query executed in 5ms
2024-10-01 11:16:12 [http-nio-8080-exec-9] INFO  AspireController:38 - Add-Employee Query executed in 12ms
2024-10-01 11:19:20 [http-nio-8080-exec-1] INFO  AspireController:38 - Add-Employee Query executed in 502ms
2024-10-01 11:19:54 [http-nio-8080-exec-3] INFO  AspireController:38 - Add-Employee Query executed in 20ms
2024-10-01 11:20:09 [http-nio-8080-exec-4] INFO  AspireController:38 - Add-Employee Query executed in 17ms
2024-10-01 11:20:45 [http-nio-8080-exec-5] INFO  AspireController:38 - Add-Employee Query executed in 9ms
2024-10-01 11:20:58 [http-nio-8080-exec-6] INFO  AspireController:38 - Add-Employee Query executed in 10ms
2024-10-01 11:21:47 [http-nio-8080-exec-8] INFO  AspireController:38 - Add-Employee Query executed in 17ms
2024-10-01 11:22:40 [http-nio-8080-exec-9] INFO  AspireController:49 - Get-Employee-StartWithLetter Query executed in 17ms
2024-10-01 11:22:50 [http-nio-8080-exec-10] INFO  AspireController:49 - Get-Employee-StartWithLetter Query executed in 17ms
2024-10-01 11:23:18 [http-nio-8080-exec-2] INFO  AspireController:61 - Get-AllStream Query executed in 13ms
2024-10-01 11:31:00 [http-nio-8080-exec-4] INFO  AspireController:61 - Get-AllStream Query executed in 12ms
2024-10-01 11:31:23 [http-nio-8080-exec-5] INFO  AspireController:38 - Add-Employee Query executed in 19ms
2024-10-01 11:32:05 [http-nio-8080-exec-7] INFO  AspireController:38 - Add-Employee Query executed in 17ms
2024-10-01 11:32:25 [http-nio-8080-exec-6] INFO  AspireController:49 - Get-Employee-StartWithLetter Query executed in 12ms
2024-10-01 11:35:34 [main] INFO  AspireController:49 - Get-Employee-StartWithLetter Query executed in 16ms
2024-10-01 11:35:34 [main] INFO  AspireController:61 - Get-AllStream Query executed in 0ms
2024-10-01 11:35:34 [main] INFO  AspireController:38 - Add-Employee Query executed in 0ms
2024-10-01 11:35:34 [main] INFO  AspireController:73 - Update-To-Manager Query executed in 0ms
2024-10-01 11:35:34 [main] INFO  AspireController:85 - Update-To-Employee Query executed in 0ms
2024-10-01 11:37:14 [main] INFO  AspireController:49 - Get-Employee-StartWithLetter Query executed in 18ms
2024-10-01 11:37:14 [main] INFO  AspireController:61 - Get-AllStream Query executed in 0ms
2024-10-01 11:37:14 [main] INFO  AspireController:38 - Add-Employee Query executed in 0ms
2024-10-01 11:37:14 [main] INFO  AspireController:73 - Update-To-Manager Query executed in 0ms
2024-10-01 11:37:14 [main] INFO  AspireController:85 - Update-To-Employee Query executed in 0ms
2024-10-08 12:26:58 [http-nio-8080-exec-4] INFO  AspireController:60 - Get-AllStream Query executed in 119ms
2024-10-08 12:27:08 [http-nio-8080-exec-5] INFO  AspireController:48 - Get-Employee-StartWithLetter Query executed in 21ms
2024-10-08 12:27:21 [http-nio-8080-exec-6] INFO  AspireController:48 - Get-Employee-StartWithLetter Query executed in 2ms
2024-10-08 12:27:26 [http-nio-8080-exec-7] INFO  AspireController:48 - Get-Employee-StartWithLetter Query executed in 3ms
2024-10-08 12:27:27 [http-nio-8080-exec-8] INFO  AspireController:48 - Get-Employee-StartWithLetter Query executed in 2ms
2024-10-08 12:27:29 [http-nio-8080-exec-9] INFO  AspireController:48 - Get-Employee-StartWithLetter Query executed in 4ms
2024-10-08 12:28:31 [http-nio-8080-exec-1] INFO  AspireController:37 - Add-Employee Query executed in 271ms
2024-10-08 12:29:47 [http-nio-8080-exec-5] INFO  AspireController:37 - Add-Employee Query executed in 12ms
2024-10-08 12:30:46 [http-nio-8080-exec-8] INFO  AspireController:37 - Add-Employee Query executed in 18ms
2024-10-08 12:31:16 [http-nio-8080-exec-9] INFO  AspireController:48 - Get-Employee-StartWithLetter Query executed in 8ms
2024-10-08 12:32:00 [http-nio-8080-exec-10] INFO  AspireController:37 - Add-Employee Query executed in 11ms
2024-10-08 12:32:19 [http-nio-8080-exec-4] INFO  AspireController:37 - Add-Employee Query executed in 4ms
2024-10-08 12:32:26 [http-nio-8080-exec-6] INFO  AspireController:37 - Add-Employee Query executed in 9ms
2024-10-08 12:32:43 [http-nio-8080-exec-7] INFO  AspireController:48 - Get-Employee-StartWithLetter Query executed in 15ms
2024-10-08 14:35:23 [http-nio-8080-exec-1] INFO  AspireController:84 - Update-To-Employee Query executed in 512ms
2024-10-08 14:38:09 [http-nio-8080-exec-5] INFO  AspireController:72 - Update-To-Manager Query executed in 39ms
2024-10-08 14:38:15 [http-nio-8080-exec-7] INFO  AspireController:72 - Update-To-Manager Query executed in 50ms
2024-10-08 14:39:38 [http-nio-8080-exec-10] INFO  AspireController:72 - Update-To-Manager Query executed in 52ms
2024-10-08 14:39:56 [http-nio-8080-exec-2] INFO  AspireController:72 - Update-To-Manager Query executed in 15ms
2024-10-08 14:40:06 [http-nio-8080-exec-3] INFO  AspireController:72 - Update-To-Manager Query executed in 10ms
2024-10-08 14:40:13 [http-nio-8080-exec-4] INFO  AspireController:72 - Update-To-Manager Query executed in 40ms
2024-10-08 14:40:36 [http-nio-8080-exec-5] INFO  AspireController:72 - Update-To-Manager Query executed in 15ms
2024-10-08 14:40:55 [http-nio-8080-exec-7] INFO  AspireController:72 - Update-To-Manager Query executed in 34ms
2024-10-08 15:38:49 [http-nio-8080-exec-9] INFO  AspireController:48 - Get-Employee-StartWithLetter Query executed in 100ms
2024-10-08 15:41:24 [http-nio-8080-exec-2] INFO  AspireController:60 - Get-AllStream Query executed in 46ms
2024-10-08 15:44:07 [http-nio-8080-exec-5] INFO  AspireController:72 - Update-To-Manager Query executed in 47ms
2024-10-08 15:45:16 [http-nio-8080-exec-8] INFO  AspireController:84 - Update-To-Employee Query executed in 40ms
2024-10-08 15:47:22 [http-nio-8080-exec-1] INFO  AspireController:84 - Update-To-Employee Query executed in 38ms
2024-10-08 15:47:50 [http-nio-8080-exec-3] INFO  AspireController:84 - Update-To-Employee Query executed in 22ms
2024-10-08 15:48:07 [http-nio-8080-exec-5] INFO  AspireController:84 - Update-To-Employee Query executed in 40ms
2024-10-08 15:48:33 [http-nio-8080-exec-6] INFO  AspireController:84 - Update-To-Employee Query executed in 30ms
2024-10-08 15:48:46 [http-nio-8080-exec-8] INFO  AspireController:84 - Update-To-Employee Query executed in 41ms
2024-10-09 11:39:30 [http-nio-8080-exec-1] INFO  AspireController:47 - Get-Employee-StartWithLetter Query executed in 130ms
2024-10-09 12:33:04 [http-nio-8080-exec-5] INFO  AspireController:47 - Get-Employee-StartWithLetter Query executed in 7ms
2024-10-09 12:33:20 [http-nio-8080-exec-6] INFO  AspireController:47 - Get-Employee-StartWithLetter Query executed in 17ms
2024-10-09 12:33:37 [http-nio-8080-exec-7] INFO  AspireController:47 - Get-Employee-StartWithLetter Query executed in 5ms
2024-10-09 12:33:55 [http-nio-8080-exec-8] INFO  AspireController:47 - Get-Employee-StartWithLetter Query executed in 23ms
2024-10-09 12:37:51 [http-nio-8080-exec-2] INFO  AspireController:47 - Get-Employee-StartWithLetter Query executed in 270ms
2024-10-09 12:38:23 [http-nio-8080-exec-2] INFO  AspireController:47 - Get-Employee-StartWithLetter Query executed in 360ms
2024-10-09 12:38:28 [http-nio-8080-exec-3] INFO  AspireController:47 - Get-Employee-StartWithLetter Query executed in 24ms
2024-10-09 12:40:03 [http-nio-8080-exec-6] INFO  AspireController:47 - Get-Employee-StartWithLetter Query executed in 29ms
2024-10-09 12:53:13 [http-nio-8080-exec-2] INFO  AspireController:47 - Get-Employee-StartWithLetter Query executed in 306ms
2024-10-09 12:53:26 [http-nio-8080-exec-3] INFO  AspireController:47 - Get-Employee-StartWithLetter Query executed in 5ms
2024-10-09 13:12:22 [http-nio-8080-exec-1] INFO  AspireController:47 - Get-Employee-StartWithLetter Query executed in 321ms
2024-10-09 13:13:07 [http-nio-8080-exec-1] INFO  AspireController:47 - Get-Employee-StartWithLetter Query executed in 480ms
2024-10-09 13:13:12 [http-nio-8080-exec-3] INFO  AspireController:47 - Get-Employee-StartWithLetter Query executed in 25ms
2024-10-09 13:14:06 [http-nio-8080-exec-1] INFO  AspireController:47 - Get-Employee-StartWithLetter Query executed in 331ms
2024-10-09 13:15:26 [http-nio-8080-exec-2] INFO  AspireController:47 - Get-Employee-StartWithLetter Query executed in 11ms
2024-10-09 14:54:14 [http-nio-8080-exec-1] INFO  AspireController:46 - Get-Employee-StartWithLetter Query executed in 6ms
2024-10-09 14:54:19 [http-nio-8080-exec-4] INFO  AspireController:46 - Get-Employee-StartWithLetter Query executed in 99ms
2024-10-09 14:54:25 [http-nio-8080-exec-5] INFO  AspireController:46 - Get-Employee-StartWithLetter Query executed in 19ms
2024-10-09 14:54:36 [http-nio-8080-exec-6] INFO  AspireController:46 - Get-Employee-StartWithLetter Query executed in 4ms
2024-10-09 14:54:47 [http-nio-8080-exec-7] INFO  AspireController:58 - Get-AllStream Query executed in 27ms
2024-10-09 15:06:27 [main] INFO  AspireController:58 - Get-AllStream Query executed in 3ms
2024-10-09 15:06:28 [main] INFO  AspireController:35 - Add-Employee Query executed in 1ms
2024-10-09 15:06:28 [main] INFO  AspireController:70 - Update-To-Manager Query executed in 0ms
2024-10-09 15:06:28 [main] INFO  AspireController:82 - Update-To-Employee Query executed in 0ms
